<?xml version="1.0" encoding="UTF-8"?>
<testng-results skipped="0" failed="0" ignored="0" total="1" passed="1">
  <reporter-output>
  </reporter-output>
  <suite name="Default suite" duration-ms="114" started-at="2021-10-10T14:24:08Z" finished-at="2021-10-10T14:24:08Z">
    <groups>
    </groups>
    <test name="Default test" duration-ms="114" started-at="2021-10-10T14:24:08Z" finished-at="2021-10-10T14:24:08Z">
      <class name="testPackage.TestNGAnnotation">
        <test-method status="PASS" signature="name()[pri:0, instance:testPackage.TestNGAnnotation@222114ba]" name="name" duration-ms="33" started-at="2021-10-10T19:54:08Z" finished-at="2021-10-10T19:54:08Z">
          <reporter-output>
          </reporter-output>
        </test-method> <!-- name -->
      </class> <!-- testPackage.TestNGAnnotation -->
    </test> <!-- Default test -->
  </suite> <!-- Default suite -->
</testng-results>
